<?xml version="1.0" encoding="UTF-8"?>
<!-- Generated by org.testng.reporters.JUnitReportReporter -->
<testsuite skipped="12" hostname="DIN37000652" name="org.jlrdigital.rv.test.seleniumtest.sm.tests.RVLogin" tests="15" failures="0" timestamp="12 Jul 2017 15:49:41 GMT" time="42.694" errors="1">
  <testcase name="setUp" time="22.485" classname="org.jlrdigital.rv.test.seleniumtest.sm.tests.RVLogin">
    <error type="org.openqa.selenium.remote.SessionNotFoundException" message="Session ID is null. Using WebDriver after calling quit()?
Build info: version: &#039;2.53.0&#039;, revision: &#039;35ae25b1534ae328c771e0856c93e187490ca824&#039;, time: &#039;2016-03-15 10:43:46&#039;
System info: host: &#039;DIN37000652&#039;, ip: &#039;10.77.114.191&#039;, os.name: &#039;Windows 7&#039;, os.arch: &#039;amd64&#039;, os.version: &#039;6.1&#039;, java.version: &#039;1.8.0_131&#039;
Driver info: driver.version: RemoteWebDriver">
      <![CDATA[org.openqa.selenium.remote.SessionNotFoundException: Session ID is null. Using WebDriver after calling quit()?
Build info: version: '2.53.0', revision: '35ae25b1534ae328c771e0856c93e187490ca824', time: '2016-03-15 10:43:46'
System info: host: 'DIN37000652', ip: '10.77.114.191', os.name: 'Windows 7', os.arch: 'amd64', os.version: '6.1', java.version: '1.8.0_131'
Driver info: driver.version: RemoteWebDriver
	at org.openqa.selenium.remote.HttpCommandExecutor.execute(HttpCommandExecutor.java:134)
	at org.openqa.selenium.remote.service.DriverCommandExecutor.execute(DriverCommandExecutor.java:82)
	at org.openqa.selenium.remote.RemoteWebDriver.execute(RemoteWebDriver.java:644)
	at org.openqa.selenium.remote.RemoteWebDriver.get(RemoteWebDriver.java:316)
	at org.jlrdigital.rv.test.rvseleniumtest.utils.Page.load(Page.java:32)
	at org.jlrdigital.rv.test.seleniumtest.sm.tests.RVLogin.setUp(RVLogin.java:37)
	at sun.reflect.NativeMethodAccessorImpl.invoke0(Native Method)
	at sun.reflect.NativeMethodAccessorImpl.invoke(NativeMethodAccessorImpl.java:62)
	at sun.reflect.DelegatingMethodAccessorImpl.invoke(DelegatingMethodAccessorImpl.java:43)
	at java.lang.reflect.Method.invoke(Method.java:498)
	at org.testng.internal.MethodInvocationHelper.invokeMethod(MethodInvocationHelper.java:108)
	at org.testng.internal.Invoker.invokeConfigurationMethod(Invoker.java:523)
	at org.testng.internal.Invoker.invokeConfigurations(Invoker.java:224)
	at org.testng.internal.Invoker.invokeMethod(Invoker.java:599)
	at org.testng.internal.Invoker.invokeTestMethod(Invoker.java:869)
	at org.testng.internal.Invoker.invokeTestMethods(Invoker.java:1193)
	at org.testng.internal.TestMethodWorker.invokeTestMethods(TestMethodWorker.java:126)
	at org.testng.internal.TestMethodWorker.run(TestMethodWorker.java:109)
	at org.testng.TestRunner.privateRun(TestRunner.java:744)
	at org.testng.TestRunner.run(TestRunner.java:602)
	at org.testng.SuiteRunner.runTest(SuiteRunner.java:380)
	at org.testng.SuiteRunner.runSequentially(SuiteRunner.java:375)
	at org.testng.SuiteRunner.privateRun(SuiteRunner.java:340)
	at org.testng.SuiteRunner.run(SuiteRunner.java:289)
	at org.testng.SuiteRunnerWorker.runSuite(SuiteRunnerWorker.java:52)
	at org.testng.SuiteRunnerWorker.run(SuiteRunnerWorker.java:86)
	at org.testng.TestNG.runSuitesSequentially(TestNG.java:1301)
	at org.testng.TestNG.runSuitesLocally(TestNG.java:1226)
	at org.testng.TestNG.runSuites(TestNG.java:1144)
	at org.testng.TestNG.run(TestNG.java:1115)
	at org.testng.remote.AbstractRemoteTestNG.run(AbstractRemoteTestNG.java:132)
	at org.testng.remote.RemoteTestNG.initAndRun(RemoteTestNG.java:230)
	at org.testng.remote.RemoteTestNG.main(RemoteTestNG.java:76)
]]>
    </error>
  </testcase> <!-- setUp -->
  <testcase name="JaguarcanLoginWithCorrectDetails" time="17.170" classname="org.jlrdigital.rv.test.seleniumtest.sm.tests.RVLogin"/>
  <testcase name="LandrovercanLoginWithCorrectDetails" time="3.039" classname="org.jlrdigital.rv.test.seleniumtest.sm.tests.RVLogin"/>
  <testcase name="JaguarusercantLoginWithIncorrectPassword" time="0.000" classname="org.jlrdigital.rv.test.seleniumtest.sm.tests.RVLogin">
    <skipped/>
  </testcase> <!-- JaguarusercantLoginWithIncorrectPassword -->
  <testcase name="LandroverusercantLoginWithIncorrectPassword" time="0.000" classname="org.jlrdigital.rv.test.seleniumtest.sm.tests.RVLogin">
    <skipped/>
  </testcase> <!-- LandroverusercantLoginWithIncorrectPassword -->
  <testcase name="JaguarusercantLoginWithIncorrectUsername" time="0.000" classname="org.jlrdigital.rv.test.seleniumtest.sm.tests.RVLogin">
    <skipped/>
  </testcase> <!-- JaguarusercantLoginWithIncorrectUsername -->
  <testcase name="LandroverusercantLoginWithIncorrectusername" time="0.000" classname="org.jlrdigital.rv.test.seleniumtest.sm.tests.RVLogin">
    <skipped/>
  </testcase> <!-- LandroverusercantLoginWithIncorrectusername -->
  <testcase name="JaguarusercantLoginWithIncorrectUsernamePassword" time="0.000" classname="org.jlrdigital.rv.test.seleniumtest.sm.tests.RVLogin">
    <skipped/>
  </testcase> <!-- JaguarusercantLoginWithIncorrectUsernamePassword -->
  <testcase name="LandroverusercantLoginWithIncorrectusernamePassword" time="0.000" classname="org.jlrdigital.rv.test.seleniumtest.sm.tests.RVLogin">
    <skipped/>
  </testcase> <!-- LandroverusercantLoginWithIncorrectusernamePassword -->
  <testcase name="JaguarusercantLoginEmptyUsernamePassword" time="0.000" classname="org.jlrdigital.rv.test.seleniumtest.sm.tests.RVLogin">
    <skipped/>
  </testcase> <!-- JaguarusercantLoginEmptyUsernamePassword -->
  <testcase name="LandroverusercantLoginWithEmptytusernamePassword" time="0.000" classname="org.jlrdigital.rv.test.seleniumtest.sm.tests.RVLogin">
    <skipped/>
  </testcase> <!-- LandroverusercantLoginWithEmptytusernamePassword -->
  <testcase name="JaguarusercantLoginEmptyUsernameValidPassword" time="0.000" classname="org.jlrdigital.rv.test.seleniumtest.sm.tests.RVLogin">
    <skipped/>
  </testcase> <!-- JaguarusercantLoginEmptyUsernameValidPassword -->
  <testcase name="LandroverusercantLoginWithEmptytusernameValidPassword" time="0.000" classname="org.jlrdigital.rv.test.seleniumtest.sm.tests.RVLogin">
    <skipped/>
  </testcase> <!-- LandroverusercantLoginWithEmptytusernameValidPassword -->
  <testcase name="JaguarusercantLoginValidUsernameEmptyPassword" time="0.000" classname="org.jlrdigital.rv.test.seleniumtest.sm.tests.RVLogin">
    <skipped/>
  </testcase> <!-- JaguarusercantLoginValidUsernameEmptyPassword -->
  <testcase name="LandroverusercantLoginWithValidtusernameEmptyPassword" time="0.000" classname="org.jlrdigital.rv.test.seleniumtest.sm.tests.RVLogin">
    <skipped/>
  </testcase> <!-- LandroverusercantLoginWithValidtusernameEmptyPassword -->
</testsuite> <!-- org.jlrdigital.rv.test.seleniumtest.sm.tests.RVLogin -->
